Using pre-set license
Built from '2020.3/staging' branch; Version is '2020.3.11f1 (99c7afb366b3) revision 10078127'; Using compiler version '192528614'; Build Type 'Release'
OS: 'Windows 10 Home; OS build 19042.1083; Version 2009; 64bit' Language: 'ja' Physical Memory: 16227 MB
BatchMode: 1, IsHumanControllingUs: 0, StartBugReporterOnCrash: 0, Is64bit: 1, IsPro: 0

 COMMAND LINE ARGUMENTS:
C:\Program Files\Unity\Hub\Editor\2020.3.11f1\Editor\Unity.exe
-adb2
-batchMode
-noUpm
-name
AssetImportWorker0
-projectPath
C:/Users/roguezz/Desktop/GitHub_Management/Lost_Phantasia/Lost_Phantasia
-logFile
Logs/AssetImportWorker0.log
-srvPort
57489
Successfully changed project path to: C:/Users/roguezz/Desktop/GitHub_Management/Lost_Phantasia/Lost_Phantasia
C:/Users/roguezz/Desktop/GitHub_Management/Lost_Phantasia/Lost_Phantasia
Using Asset Import Pipeline V2.
Refreshing native plugins compatible for Editor in 34.95 ms, found 2 plugins.
Preloading 0 native plugins for Editor in 0.00 ms.
Initialize engine version: 2020.3.11f1 (99c7afb366b3)
[Subsystems] Discovering subsystems at path C:/Program Files/Unity/Hub/Editor/2020.3.11f1/Editor/Data/Resources/UnitySubsystems
[Subsystems] Discovering subsystems at path C:/Users/roguezz/Desktop/GitHub_Management/Lost_Phantasia/Lost_Phantasia/Assets
GfxDevice: creating device client; threaded=0
Direct3D:
    Version:  Direct3D 11.0 [level 11.1]
    Renderer: NVIDIA GeForce GTX 1650 (ID=0x1f91)
    Vendor:   
    VRAM:     3962 MB
    Driver:   27.21.14.6231
Initialize mono
Mono path[0] = 'C:/Program Files/Unity/Hub/Editor/2020.3.11f1/Editor/Data/Managed'
Mono path[1] = 'C:/Program Files/Unity/Hub/Editor/2020.3.11f1/Editor/Data/MonoBleedingEdge/lib/mono/unityjit'
Mono config path = 'C:/Program Files/Unity/Hub/Editor/2020.3.11f1/Editor/Data/MonoBleedingEdge/etc'
Using monoOptions --debugger-agent=transport=dt_socket,embedding=1,server=y,suspend=n,address=127.0.0.1:56756
Begin MonoManager ReloadAssembly
Registering precompiled unity dll's ...
Register platform support module: C:/Program Files/Unity/Hub/Editor/2020.3.11f1/Editor/Data/PlaybackEngines/WindowsStandaloneSupport/UnityEditor.WindowsStandalone.Extensions.dll
Registered in 0.002694 seconds.
Native extension for WindowsStandalone target not found
Refreshing native plugins compatible for Editor in 31.75 ms, found 2 plugins.
Preloading 0 native plugins for Editor in 0.00 ms.
Mono: successfully reloaded assembly
- Completed reload, in  1.125 seconds
Platform modules already initialized, skipping
Registering precompiled user dll's ...
Registered in 0.005685 seconds.
Begin MonoManager ReloadAssembly
Native extension for WindowsStandalone target not found
Refreshing native plugins compatible for Editor in 31.45 ms, found 2 plugins.
Preloading 0 native plugins for Editor in 0.00 ms.
Mono: successfully reloaded assembly
- Completed reload, in  1.078 seconds
Platform modules already initialized, skipping
========================================================================
Worker process is ready to serve import requests
Launched and connected shader compiler UnityShaderCompiler.exe after 0.05 seconds
Refreshing native plugins compatible for Editor in 0.36 ms, found 2 plugins.
Preloading 0 native plugins for Editor in 0.00 ms.
Unloading 1796 Unused Serialized files (Serialized files now loaded: 0)
System memory in use before: 82.0 MB.
System memory in use after: 82.0 MB.

Unloading 20 unused Assets to reduce memory usage. Loaded Objects now: 2236.
Total: 1.850700 ms (FindLiveObjects: 0.189900 ms CreateObjectMapping: 0.068600 ms MarkObjects: 1.500700 ms  DeleteObjects: 0.090400 ms)

========================================================================
Received Import Request.
  path: Assets/Anim/Player_Anim.controller
  artifactKey: Guid(8e0011d4b0e07a642915f90ed7251216) Importer(815301076,1909f56bfc062723c751e8b465ee728b)
Start importing Assets/Anim/Player_Anim.controller using Guid(8e0011d4b0e07a642915f90ed7251216) Importer(815301076,1909f56bfc062723c751e8b465ee728b)  -> (artifact id: '0fd84ed230579896a9eaed232198b19a') in 0.051598 seconds
  Import took 0.054753 seconds .

========================================================================
Received Import Request.
  Time since last request: 1.647164 seconds.
  path: Assets/Anim/Player_Anim.controller
  artifactKey: Guid(8e0011d4b0e07a642915f90ed7251216) Importer(815301076,1909f56bfc062723c751e8b465ee728b)
Start importing Assets/Anim/Player_Anim.controller using Guid(8e0011d4b0e07a642915f90ed7251216) Importer(815301076,1909f56bfc062723c751e8b465ee728b)  -> (artifact id: '0fd84ed230579896a9eaed232198b19a') in 0.009746 seconds
  Import took 0.012739 seconds .

========================================================================
Received Prepare
Registering precompiled user dll's ...
Registered in 0.005960 seconds.
Begin MonoManager ReloadAssembly
Native extension for WindowsStandalone target not found
Refreshing native plugins compatible for Editor in 0.43 ms, found 2 plugins.
Preloading 0 native plugins for Editor in 0.00 ms.
Mono: successfully reloaded assembly
- Completed reload, in  0.990 seconds
Platform modules already initialized, skipping
Refreshing native plugins compatible for Editor in 0.36 ms, found 2 plugins.
Preloading 0 native plugins for Editor in 0.00 ms.
Unloading 1770 Unused Serialized files (Serialized files now loaded: 0)
System memory in use before: 79.9 MB.
System memory in use after: 80.0 MB.

Unloading 15 unused Assets to reduce memory usage. Loaded Objects now: 2239.
Total: 1.703000 ms (FindLiveObjects: 0.153700 ms CreateObjectMapping: 0.057500 ms MarkObjects: 1.430800 ms  DeleteObjects: 0.059700 ms)

========================================================================
Received Import Request.
  Time since last request: 90.385343 seconds.
  path: Assets/Suga_cs/Player_cs/Player_Status.cs
  artifactKey: Guid(6f51d7a73b2ac20479076b191155aa68) Importer(815301076,1909f56bfc062723c751e8b465ee728b)
Start importing Assets/Suga_cs/Player_cs/Player_Status.cs using Guid(6f51d7a73b2ac20479076b191155aa68) Importer(815301076,1909f56bfc062723c751e8b465ee728b)  -> (artifact id: '5e8ec83bb26a0e92137daa257e785d4d') in 0.011588 seconds
  Import took 0.014105 seconds .

========================================================================
Received Import Request.
  Time since last request: 0.529132 seconds.
  path: Assets/Suga_cs/Player_cs/Player_Attack.cs
  artifactKey: Guid(e907fa539075c1e4f97c05ca007cd08b) Importer(815301076,1909f56bfc062723c751e8b465ee728b)
Start importing Assets/Suga_cs/Player_cs/Player_Attack.cs using Guid(e907fa539075c1e4f97c05ca007cd08b) Importer(815301076,1909f56bfc062723c751e8b465ee728b)  -> (artifact id: 'ba08fdb901799b89b14593ad0a0e86ae') in 0.005738 seconds
  Import took 0.008421 seconds .

========================================================================
Received Import Request.
  Time since last request: 0.100544 seconds.
  path: Assets/Suga_cs/Player_cs/Player_Attack.cs
  artifactKey: Guid(e907fa539075c1e4f97c05ca007cd08b) Importer(815301076,1909f56bfc062723c751e8b465ee728b)
Start importing Assets/Suga_cs/Player_cs/Player_Attack.cs using Guid(e907fa539075c1e4f97c05ca007cd08b) Importer(815301076,1909f56bfc062723c751e8b465ee728b)  -> (artifact id: 'ba08fdb901799b89b14593ad0a0e86ae') in 0.002465 seconds
  Import took 0.005176 seconds .

========================================================================
Received Prepare
Registering precompiled user dll's ...
Registered in 0.005742 seconds.
Begin MonoManager ReloadAssembly
Native extension for WindowsStandalone target not found
Refreshing native plugins compatible for Editor in 0.38 ms, found 2 plugins.
Preloading 0 native plugins for Editor in 0.00 ms.
Mono: successfully reloaded assembly
- Completed reload, in  1.066 seconds
Platform modules already initialized, skipping
Refreshing native plugins compatible for Editor in 0.36 ms, found 2 plugins.
Preloading 0 native plugins for Editor in 0.00 ms.
Unloading 1770 Unused Serialized files (Serialized files now loaded: 0)
System memory in use before: 79.9 MB.
System memory in use after: 80.0 MB.

Unloading 15 unused Assets to reduce memory usage. Loaded Objects now: 2242.
Total: 1.718300 ms (FindLiveObjects: 0.153200 ms CreateObjectMapping: 0.055600 ms MarkObjects: 1.445300 ms  DeleteObjects: 0.063600 ms)

========================================================================
Received Import Request.
  Time since last request: 601.728542 seconds.
  path: Assets/Suga_cs/Player_cs/Player_Attack.cs
  artifactKey: Guid(e907fa539075c1e4f97c05ca007cd08b) Importer(815301076,1909f56bfc062723c751e8b465ee728b)
Start importing Assets/Suga_cs/Player_cs/Player_Attack.cs using Guid(e907fa539075c1e4f97c05ca007cd08b) Importer(815301076,1909f56bfc062723c751e8b465ee728b)  -> (artifact id: '8a5932036f9e5cafda29736c40f4d156') in 0.008757 seconds
  Import took 0.011203 seconds .

========================================================================
Received Import Request.
  Time since last request: 84.060361 seconds.
  path: Assets/Suga_cs/Bullet_cs/Bullet.prefab
  artifactKey: Guid(23ba77ee367b62144b8a1f7be0236656) Importer(815301076,1909f56bfc062723c751e8b465ee728b)
Start importing Assets/Suga_cs/Bullet_cs/Bullet.prefab using Guid(23ba77ee367b62144b8a1f7be0236656) Importer(815301076,1909f56bfc062723c751e8b465ee728b)  -> (artifact id: '20e1a564c749cea13c51de68621f09b6') in 0.114140 seconds
  Import took 0.118190 seconds .

========================================================================
Received Prepare
Registering precompiled user dll's ...
Registered in 0.006490 seconds.
Begin MonoManager ReloadAssembly
Native extension for WindowsStandalone target not found
Refreshing native plugins compatible for Editor in 0.36 ms, found 2 plugins.
Preloading 0 native plugins for Editor in 0.00 ms.
Mono: successfully reloaded assembly
- Completed reload, in  1.118 seconds
Platform modules already initialized, skipping
Refreshing native plugins compatible for Editor in 0.47 ms, found 2 plugins.
Preloading 0 native plugins for Editor in 0.00 ms.
Unloading 1770 Unused Serialized files (Serialized files now loaded: 0)
System memory in use before: 83.1 MB.
System memory in use after: 83.2 MB.

Unloading 15 unused Assets to reduce memory usage. Loaded Objects now: 2253.
Total: 2.107300 ms (FindLiveObjects: 0.200000 ms CreateObjectMapping: 0.068900 ms MarkObjects: 1.763700 ms  DeleteObjects: 0.073500 ms)

========================================================================
Received Prepare
Registering precompiled user dll's ...
Registered in 0.005864 seconds.
Begin MonoManager ReloadAssembly
Native extension for WindowsStandalone target not found
Refreshing native plugins compatible for Editor in 0.37 ms, found 2 plugins.
Preloading 0 native plugins for Editor in 0.00 ms.
Mono: successfully reloaded assembly
- Completed reload, in  1.126 seconds
Platform modules already initialized, skipping
Refreshing native plugins compatible for Editor in 0.37 ms, found 2 plugins.
Preloading 0 native plugins for Editor in 0.00 ms.
Unloading 1770 Unused Serialized files (Serialized files now loaded: 0)
System memory in use before: 83.1 MB.
System memory in use after: 83.2 MB.

Unloading 15 unused Assets to reduce memory usage. Loaded Objects now: 2256.
Total: 1.965600 ms (FindLiveObjects: 0.187100 ms CreateObjectMapping: 0.072700 ms MarkObjects: 1.639100 ms  DeleteObjects: 0.065900 ms)

========================================================================
Received Import Request.
  Time since last request: 78.957734 seconds.
  path: Assets/Suga_cs/Bullet_cs/Bullet.prefab
  artifactKey: Guid(23ba77ee367b62144b8a1f7be0236656) Importer(815301076,1909f56bfc062723c751e8b465ee728b)
Start importing Assets/Suga_cs/Bullet_cs/Bullet.prefab using Guid(23ba77ee367b62144b8a1f7be0236656) Importer(815301076,1909f56bfc062723c751e8b465ee728b)  -> (artifact id: '21b8dd97c43ab05f118b0687cd918ef0') in 0.092190 seconds
  Import took 0.097043 seconds .

========================================================================
Received Import Request.
  Time since last request: 2.025026 seconds.
  path: Assets/Suga_cs/Bullet_cs/Bullet.prefab
  artifactKey: Guid(23ba77ee367b62144b8a1f7be0236656) Importer(815301076,1909f56bfc062723c751e8b465ee728b)
Start importing Assets/Suga_cs/Bullet_cs/Bullet.prefab using Guid(23ba77ee367b62144b8a1f7be0236656) Importer(815301076,1909f56bfc062723c751e8b465ee728b)  -> (artifact id: '847ec444c806a3597bf72524d8c2e711') in 0.012699 seconds
  Import took 0.017637 seconds .

========================================================================
Received Import Request.
  Time since last request: 0.206509 seconds.
  path: Assets/Suga_cs/Bullet_cs/Bullet.prefab
  artifactKey: Guid(23ba77ee367b62144b8a1f7be0236656) Importer(815301076,1909f56bfc062723c751e8b465ee728b)
Start importing Assets/Suga_cs/Bullet_cs/Bullet.prefab using Guid(23ba77ee367b62144b8a1f7be0236656) Importer(815301076,1909f56bfc062723c751e8b465ee728b)  -> (artifact id: 'd3ef5589f473cba0209682cdc05c2c6c') in 0.012828 seconds
  Import took 0.018051 seconds .

========================================================================
Received Import Request.
  Time since last request: 0.000735 seconds.
  path: Assets/Suga_cs/Bullet_cs/Bullet.prefab
  artifactKey: Guid(23ba77ee367b62144b8a1f7be0236656) Importer(815301076,1909f56bfc062723c751e8b465ee728b)
Start importing Assets/Suga_cs/Bullet_cs/Bullet.prefab using Guid(23ba77ee367b62144b8a1f7be0236656) Importer(815301076,1909f56bfc062723c751e8b465ee728b)  -> (artifact id: 'd3ef5589f473cba0209682cdc05c2c6c') in 0.018096 seconds
  Import took 0.023648 seconds .

========================================================================
Received Prepare
Registering precompiled user dll's ...
Registered in 0.006149 seconds.
Begin MonoManager ReloadAssembly
Native extension for WindowsStandalone target not found
Refreshing native plugins compatible for Editor in 0.40 ms, found 2 plugins.
Preloading 0 native plugins for Editor in 0.00 ms.
Mono: successfully reloaded assembly
- Completed reload, in  1.100 seconds
Platform modules already initialized, skipping
Refreshing native plugins compatible for Editor in 0.40 ms, found 2 plugins.
Preloading 0 native plugins for Editor in 0.00 ms.
Unloading 1770 Unused Serialized files (Serialized files now loaded: 0)
System memory in use before: 83.1 MB.
System memory in use after: 83.2 MB.

Unloading 15 unused Assets to reduce memory usage. Loaded Objects now: 2260.
Total: 1.960100 ms (FindLiveObjects: 0.170800 ms CreateObjectMapping: 0.063000 ms MarkObjects: 1.659000 ms  DeleteObjects: 0.066200 ms)

========================================================================
Received Import Request.
  Time since last request: 76.878165 seconds.
  path: Assets/Suga_cs/Bullet_cs/Bullet.prefab
  artifactKey: Guid(23ba77ee367b62144b8a1f7be0236656) Importer(815301076,1909f56bfc062723c751e8b465ee728b)
Start importing Assets/Suga_cs/Bullet_cs/Bullet.prefab using Guid(23ba77ee367b62144b8a1f7be0236656) Importer(815301076,1909f56bfc062723c751e8b465ee728b)  -> (artifact id: 'b24fd6c26b744ec18410d4c87bbb90e5') in 0.072357 seconds
  Import took 0.076777 seconds .

========================================================================
Received Prepare
Registering precompiled user dll's ...
Registered in 0.008074 seconds.
Begin MonoManager ReloadAssembly
Native extension for WindowsStandalone target not found
Refreshing native plugins compatible for Editor in 0.36 ms, found 2 plugins.
Preloading 0 native plugins for Editor in 0.00 ms.
Mono: successfully reloaded assembly
- Completed reload, in  0.928 seconds
Platform modules already initialized, skipping
Refreshing native plugins compatible for Editor in 0.35 ms, found 2 plugins.
Preloading 0 native plugins for Editor in 0.00 ms.
Unloading 1770 Unused Serialized files (Serialized files now loaded: 0)
System memory in use before: 83.1 MB.
System memory in use after: 83.2 MB.

Unloading 15 unused Assets to reduce memory usage. Loaded Objects now: 2264.
Total: 1.693800 ms (FindLiveObjects: 0.150100 ms CreateObjectMapping: 0.053400 ms MarkObjects: 1.427000 ms  DeleteObjects: 0.062500 ms)

========================================================================
Received Prepare
Registering precompiled user dll's ...
Registered in 0.009164 seconds.
Begin MonoManager ReloadAssembly
Native extension for WindowsStandalone target not found
Refreshing native plugins compatible for Editor in 0.41 ms, found 2 plugins.
Preloading 0 native plugins for Editor in 0.00 ms.
Mono: successfully reloaded assembly
- Completed reload, in  1.017 seconds
Platform modules already initialized, skipping
Refreshing native plugins compatible for Editor in 0.36 ms, found 2 plugins.
Preloading 0 native plugins for Editor in 0.00 ms.
Unloading 1770 Unused Serialized files (Serialized files now loaded: 0)
System memory in use before: 83.1 MB.
System memory in use after: 83.2 MB.

Unloading 15 unused Assets to reduce memory usage. Loaded Objects now: 2267.
Total: 1.717000 ms (FindLiveObjects: 0.144700 ms CreateObjectMapping: 0.054500 ms MarkObjects: 1.457900 ms  DeleteObjects: 0.059000 ms)

========================================================================
Received Prepare
Registering precompiled user dll's ...
Registered in 0.005403 seconds.
Begin MonoManager ReloadAssembly
Native extension for WindowsStandalone target not found
Refreshing native plugins compatible for Editor in 0.36 ms, found 2 plugins.
Preloading 0 native plugins for Editor in 0.00 ms.
Mono: successfully reloaded assembly
- Completed reload, in  0.977 seconds
Platform modules already initialized, skipping
Refreshing native plugins compatible for Editor in 0.37 ms, found 2 plugins.
Preloading 0 native plugins for Editor in 0.00 ms.
Unloading 1770 Unused Serialized files (Serialized files now loaded: 0)
System memory in use before: 83.1 MB.
System memory in use after: 83.2 MB.

Unloading 15 unused Assets to reduce memory usage. Loaded Objects now: 2270.
Total: 1.831700 ms (FindLiveObjects: 0.146000 ms CreateObjectMapping: 0.053100 ms MarkObjects: 1.571100 ms  DeleteObjects: 0.061000 ms)

========================================================================
Received Prepare
Registering precompiled user dll's ...
Registered in 0.005616 seconds.
Begin MonoManager ReloadAssembly
Native extension for WindowsStandalone target not found
Refreshing native plugins compatible for Editor in 0.46 ms, found 2 plugins.
Preloading 0 native plugins for Editor in 0.00 ms.
Mono: successfully reloaded assembly
- Completed reload, in  0.971 seconds
Platform modules already initialized, skipping
Refreshing native plugins compatible for Editor in 0.36 ms, found 2 plugins.
Preloading 0 native plugins for Editor in 0.00 ms.
Unloading 1770 Unused Serialized files (Serialized files now loaded: 0)
System memory in use before: 83.2 MB.
System memory in use after: 83.2 MB.

Unloading 15 unused Assets to reduce memory usage. Loaded Objects now: 2273.
Total: 1.706000 ms (FindLiveObjects: 0.146500 ms CreateObjectMapping: 0.053600 ms MarkObjects: 1.443500 ms  DeleteObjects: 0.061700 ms)

========================================================================
Received Prepare
Registering precompiled user dll's ...
Registered in 0.006648 seconds.
Begin MonoManager ReloadAssembly
Native extension for WindowsStandalone target not found
Refreshing native plugins compatible for Editor in 0.60 ms, found 2 plugins.
Preloading 0 native plugins for Editor in 0.00 ms.
Mono: successfully reloaded assembly
- Completed reload, in  0.968 seconds
Platform modules already initialized, skipping
Refreshing native plugins compatible for Editor in 0.37 ms, found 2 plugins.
Preloading 0 native plugins for Editor in 0.00 ms.
Unloading 1770 Unused Serialized files (Serialized files now loaded: 0)
System memory in use before: 83.2 MB.
System memory in use after: 83.2 MB.

Unloading 15 unused Assets to reduce memory usage. Loaded Objects now: 2276.
Total: 1.821600 ms (FindLiveObjects: 0.144500 ms CreateObjectMapping: 0.053000 ms MarkObjects: 1.562200 ms  DeleteObjects: 0.061200 ms)

AssetImportWorkerClient::OnTransportError - code=2 error=End of file
